catalogizer-androidtv/app/build/intermediates/manifest_merge_blame_file/debug/manifest-merger-blame-debug-report.txt
1<?xml version="1.0" encoding="utf-8"?>
2<manifest xmlns:android="http://schemas.android.com/apk/res/android"
3    package="com.catalogizer.androidtv"
4    android:versionCode="1"
5    android:versionName="1.0.0" >
6
7    <uses-sdk
8        android:minSdkVersion="26"
9        android:targetSdkVersion="34" />
10
11    <!-- TV feature requirements -->
12    <uses-feature
12-->src/main/AndroidManifest.xml:6:5-8:35
13        android:name="android.software.leanback"
13-->src/main/AndroidManifest.xml:7:9-49
14        android:required="true" />
14-->src/main/AndroidManifest.xml:8:9-32
15    <uses-feature
15-->src/main/AndroidManifest.xml:10:5-12:36
16        android:name="android.hardware.touchscreen"
16-->src/main/AndroidManifest.xml:11:9-52
17        android:required="false" />
17-->src/main/AndroidManifest.xml:12:9-33
18
19    <!-- Network permissions -->
20    <uses-permission android:name="android.permission.INTERNET" />
20-->src/main/AndroidManifest.xml:15:5-67
20-->src/main/AndroidManifest.xml:15:22-64
21    <uses-permission android:name="android.permission.ACCESS_NETWORK_STATE" />
21-->src/main/AndroidManifest.xml:16:5-79
21-->src/main/AndroidManifest.xml:16:22-76
22
23    <!-- Media permissions -->
24    <uses-permission android:name="android.permission.READ_EXTERNAL_STORAGE" />
24-->src/main/AndroidManifest.xml:19:5-80
24-->src/main/AndroidManifest.xml:19:22-77
25    <uses-permission android:name="android.permission.WRITE_EXTERNAL_STORAGE" />
25-->src/main/AndroidManifest.xml:20:5-81
25-->src/main/AndroidManifest.xml:20:22-78
26
27    <!-- Wake lock for media playback -->
28    <uses-permission android:name="android.permission.WAKE_LOCK" />
28-->src/main/AndroidManifest.xml:23:5-68
28-->src/main/AndroidManifest.xml:23:22-65
29
30    <!-- Foreground service -->
31    <uses-permission android:name="android.permission.FOREGROUND_SERVICE" />
31-->src/main/AndroidManifest.xml:26:5-77
31-->src/main/AndroidManifest.xml:26:22-74
32    <uses-permission android:name="android.permission.FOREGROUND_SERVICE_MEDIA_PLAYBACK" />
32-->src/main/AndroidManifest.xml:27:5-92
32-->src/main/AndroidManifest.xml:27:22-89
33    <uses-permission android:name="android.permission.FOREGROUND_SERVICE_DATA_SYNC" />
33-->src/main/AndroidManifest.xml:28:5-87
33-->src/main/AndroidManifest.xml:28:22-84
34    <uses-permission android:name="com.android.providers.tv.permission.WRITE_EPG_DATA" />
34-->[androidx.tvprovider:tvprovider:1.0.0] AndroidManifest.xml:22:5-90
34-->[androidx.tvprovider:tvprovider:1.0.0] AndroidManifest.xml:22:22-87
35    <uses-permission android:name="com.android.providers.tv.permission.READ_EPG_DATA" />
35-->[androidx.tvprovider:tvprovider:1.0.0] AndroidManifest.xml:23:5-89
35-->[androidx.tvprovider:tvprovider:1.0.0] AndroidManifest.xml:23:22-86
36
37    <permission
37-->[androidx.core:core:1.12.0] AndroidManifest.xml:22:5-24:47
38        android:name="com.catalogizer.androidtv.DYNAMIC_RECEIVER_NOT_EXPORTED_PERMISSION"
38-->[androidx.core:core:1.12.0] AndroidManifest.xml:23:9-81
39        android:protectionLevel="signature" />
39-->[androidx.core:core:1.12.0] AndroidManifest.xml:24:9-44
40
41    <uses-permission android:name="com.catalogizer.androidtv.DYNAMIC_RECEIVER_NOT_EXPORTED_PERMISSION" />
41-->[androidx.core:core:1.12.0] AndroidManifest.xml:26:5-97
41-->[androidx.core:core:1.12.0] AndroidManifest.xml:26:22-94
42
43    <application
43-->src/main/AndroidManifest.xml:30:5-99:19
44        android:name="com.catalogizer.androidtv.CatalogizerTVApplication"
44-->src/main/AndroidManifest.xml:31:9-49
45        android:allowBackup="true"
45-->src/main/AndroidManifest.xml:32:9-35
46        android:appComponentFactory="androidx.core.app.CoreComponentFactory"
46-->[androidx.core:core:1.12.0] AndroidManifest.xml:28:18-86
47        android:banner="@drawable/app_banner"
47-->src/main/AndroidManifest.xml:41:9-46
48        android:dataExtractionRules="@xml/data_extraction_rules"
48-->src/main/AndroidManifest.xml:33:9-65
49        android:debuggable="true"
50        android:extractNativeLibs="false"
51        android:fullBackupContent="@xml/backup_rules"
51-->src/main/AndroidManifest.xml:34:9-54
52        android:icon="@mipmap/ic_launcher"
52-->src/main/AndroidManifest.xml:35:9-43
53        android:label="@string/app_name"
53-->src/main/AndroidManifest.xml:36:9-41
54        android:roundIcon="@mipmap/ic_launcher_round"
54-->src/main/AndroidManifest.xml:37:9-54
55        android:supportsRtl="true"
55-->src/main/AndroidManifest.xml:38:9-35
56        android:theme="@style/Theme.CatalogizerTV"
56-->src/main/AndroidManifest.xml:39:9-51
57        android:usesCleartextTraffic="true" >
57-->src/main/AndroidManifest.xml:40:9-44
58
59        <!-- Main TV Activity -->
60        <activity
60-->src/main/AndroidManifest.xml:45:9-55:20
61            android:name="com.catalogizer.androidtv.ui.MainActivity"
61-->src/main/AndroidManifest.xml:46:13-44
62            android:exported="true"
62-->src/main/AndroidManifest.xml:47:13-36
63            android:screenOrientation="landscape"
63-->src/main/AndroidManifest.xml:49:13-50
64            android:theme="@style/Theme.CatalogizerTV.Launcher" >
64-->src/main/AndroidManifest.xml:48:13-64
65            <intent-filter>
65-->src/main/AndroidManifest.xml:50:13-54:29
66                <action android:name="android.intent.action.MAIN" />
66-->src/main/AndroidManifest.xml:51:17-69
66-->src/main/AndroidManifest.xml:51:25-66
67
68                <category android:name="android.intent.category.LAUNCHER" />
68-->src/main/AndroidManifest.xml:52:17-77
68-->src/main/AndroidManifest.xml:52:27-74
69                <category android:name="android.intent.category.LEANBACK_LAUNCHER" />
69-->src/main/AndroidManifest.xml:53:17-86
69-->src/main/AndroidManifest.xml:53:27-83
70            </intent-filter>
71        </activity>
72
73        <!-- Media Player Activity -->
74        <activity
74-->src/main/AndroidManifest.xml:58:9-63:53
75            android:name="com.catalogizer.androidtv.ui.player.MediaPlayerActivity"
75-->src/main/AndroidManifest.xml:59:13-58
76            android:configChanges="orientation|screenSize|keyboardHidden"
76-->src/main/AndroidManifest.xml:61:13-74
77            android:exported="false"
77-->src/main/AndroidManifest.xml:60:13-37
78            android:screenOrientation="landscape"
78-->src/main/AndroidManifest.xml:63:13-50
79            android:theme="@style/Theme.CatalogizerTV.Player" />
79-->src/main/AndroidManifest.xml:62:13-62
80
81        <!-- Media Session Service -->
82        <service
82-->src/main/AndroidManifest.xml:66:9-73:19
83            android:name="com.catalogizer.androidtv.data.media.MediaPlaybackService"
83-->src/main/AndroidManifest.xml:67:13-60
84            android:exported="false"
84-->src/main/AndroidManifest.xml:68:13-37
85            android:foregroundServiceType="mediaPlayback" >
85-->src/main/AndroidManifest.xml:69:13-58
86            <intent-filter>
86-->src/main/AndroidManifest.xml:70:13-72:29
87                <action android:name="androidx.media3.session.MediaSessionService" />
87-->src/main/AndroidManifest.xml:71:17-86
87-->src/main/AndroidManifest.xml:71:25-83
88            </intent-filter>
89        </service>
90
91        <!-- Sync Service -->
92        <service
92-->src/main/AndroidManifest.xml:76:9-79:56
93            android:name="com.catalogizer.androidtv.data.sync.SyncService"
93-->src/main/AndroidManifest.xml:77:13-50
94            android:exported="false"
94-->src/main/AndroidManifest.xml:78:13-37
95            android:foregroundServiceType="dataSync" />
95-->src/main/AndroidManifest.xml:79:13-53
96
97        <!-- TV Content Provider -->
98        <provider
99            android:name="com.catalogizer.androidtv.data.tv.CatalogizerTvProviderImpl"
99-->src/main/AndroidManifest.xml:83:13-62
100            android:authorities="com.catalogizer.androidtv.tv"
100-->src/main/AndroidManifest.xml:84:13-54
101            android:enabled="true"
101-->src/main/AndroidManifest.xml:85:13-35
102            android:exported="true" />
102-->src/main/AndroidManifest.xml:86:13-36
103
104        <!-- File provider for sharing -->
105        <provider
106            android:name="androidx.core.content.FileProvider"
106-->src/main/AndroidManifest.xml:90:13-62
107            android:authorities="com.catalogizer.androidtv.fileprovider"
107-->src/main/AndroidManifest.xml:91:13-64
108            android:exported="false"
108-->src/main/AndroidManifest.xml:92:13-37
109            android:grantUriPermissions="true" >
109-->src/main/AndroidManifest.xml:93:13-47
110            <meta-data
110-->src/main/AndroidManifest.xml:94:13-96:54
111                android:name="android.support.FILE_PROVIDER_PATHS"
111-->src/main/AndroidManifest.xml:95:17-67
112                android:resource="@xml/file_paths" />
112-->src/main/AndroidManifest.xml:96:17-51
113        </provider>
114
115        <activity
115-->[androidx.compose.ui:ui-test-manifest:1.6.0-alpha07] AndroidManifest.xml:23:9-25:39
116            android:name="androidx.activity.ComponentActivity"
116-->[androidx.compose.ui:ui-test-manifest:1.6.0-alpha07] AndroidManifest.xml:24:13-63
117            android:exported="true" />
117-->[androidx.compose.ui:ui-test-manifest:1.6.0-alpha07] AndroidManifest.xml:25:13-36
118
119        <provider
119-->[androidx.emoji2:emoji2:1.3.0] AndroidManifest.xml:24:9-32:20
120            android:name="androidx.startup.InitializationProvider"
120-->[androidx.emoji2:emoji2:1.3.0] AndroidManifest.xml:25:13-67
121            android:authorities="com.catalogizer.androidtv.androidx-startup"
121-->[androidx.emoji2:emoji2:1.3.0] AndroidManifest.xml:26:13-68
122            android:exported="false" >
122-->[androidx.emoji2:emoji2:1.3.0] AndroidManifest.xml:27:13-37
123            <meta-data
123-->[androidx.emoji2:emoji2:1.3.0] AndroidManifest.xml:29:13-31:52
124                android:name="androidx.emoji2.text.EmojiCompatInitializer"
124-->[androidx.emoji2:emoji2:1.3.0] AndroidManifest.xml:30:17-75
125                android:value="androidx.startup" />
125-->[androidx.emoji2:emoji2:1.3.0] AndroidManifest.xml:31:17-49
126            <meta-data
126-->[androidx.lifecycle:lifecycle-process:2.7.0] AndroidManifest.xml:29:13-31:52
127                android:name="androidx.lifecycle.ProcessLifecycleInitializer"
127-->[androidx.lifecycle:lifecycle-process:2.7.0] AndroidManifest.xml:30:17-78
128                android:value="androidx.startup" />
128-->[androidx.lifecycle:lifecycle-process:2.7.0] AndroidManifest.xml:31:17-49
129            <meta-data
129-->[androidx.profileinstaller:profileinstaller:1.3.1] AndroidManifest.xml:29:13-31:52
130                android:name="androidx.profileinstaller.ProfileInstallerInitializer"
130-->[androidx.profileinstaller:profileinstaller:1.3.1] AndroidManifest.xml:30:17-85
131                android:value="androidx.startup" />
131-->[androidx.profileinstaller:profileinstaller:1.3.1] AndroidManifest.xml:31:17-49
132        </provider>
133
134        <activity
134-->[androidx.compose.ui:ui-tooling-android:1.6.0-alpha07] AndroidManifest.xml:23:9-25:39
135            android:name="androidx.compose.ui.tooling.PreviewActivity"
135-->[androidx.compose.ui:ui-tooling-android:1.6.0-alpha07] AndroidManifest.xml:24:13-71
136            android:exported="true" />
136-->[androidx.compose.ui:ui-tooling-android:1.6.0-alpha07] AndroidManifest.xml:25:13-36
137
138        <service
138-->[androidx.room:room-runtime:2.6.1] AndroidManifest.xml:24:9-28:63
139            android:name="androidx.room.MultiInstanceInvalidationService"
139-->[androidx.room:room-runtime:2.6.1] AndroidManifest.xml:25:13-74
140            android:directBootAware="true"
140-->[androidx.room:room-runtime:2.6.1] AndroidManifest.xml:26:13-43
141            android:exported="false" />
141-->[androidx.room:room-runtime:2.6.1] AndroidManifest.xml:27:13-37
142
143        <receiver
143-->[androidx.profileinstaller:profileinstaller:1.3.1] AndroidManifest.xml:34:9-52:20
144            android:name="androidx.profileinstaller.ProfileInstallReceiver"
144-->[androidx.profileinstaller:profileinstaller:1.3.1] AndroidManifest.xml:35:13-76
145            android:directBootAware="false"
145-->[androidx.profileinstaller:profileinstaller:1.3.1] AndroidManifest.xml:36:13-44
146            android:enabled="true"
146-->[androidx.profileinstaller:profileinstaller:1.3.1] AndroidManifest.xml:37:13-35
147            android:exported="true"
147-->[androidx.profileinstaller:profileinstaller:1.3.1] AndroidManifest.xml:38:13-36
148            android:permission="android.permission.DUMP" >
148-->[androidx.profileinstaller:profileinstaller:1.3.1] AndroidManifest.xml:39:13-57
149            <intent-filter>
149-->[androidx.profileinstaller:profileinstaller:1.3.1] AndroidManifest.xml:40:13-42:29
150                <action android:name="androidx.profileinstaller.action.INSTALL_PROFILE" />
150-->[androidx.profileinstaller:profileinstaller:1.3.1] AndroidManifest.xml:41:17-91
150-->[androidx.profileinstaller:profileinstaller:1.3.1] AndroidManifest.xml:41:25-88
151            </intent-filter>
152            <intent-filter>
152-->[androidx.profileinstaller:profileinstaller:1.3.1] AndroidManifest.xml:43:13-45:29
153                <action android:name="androidx.profileinstaller.action.SKIP_FILE" />
153-->[androidx.profileinstaller:profileinstaller:1.3.1] AndroidManifest.xml:44:17-85
153-->[androidx.profileinstaller:profileinstaller:1.3.1] AndroidManifest.xml:44:25-82
154            </intent-filter>
155            <intent-filter>
155-->[androidx.profileinstaller:profileinstaller:1.3.1] AndroidManifest.xml:46:13-48:29
156                <action android:name="androidx.profileinstaller.action.SAVE_PROFILE" />
156-->[androidx.profileinstaller:profileinstaller:1.3.1] AndroidManifest.xml:47:17-88
156-->[androidx.profileinstaller:profileinstaller:1.3.1] AndroidManifest.xml:47:25-85
157            </intent-filter>
158            <intent-filter>
158-->[androidx.profileinstaller:profileinstaller:1.3.1] AndroidManifest.xml:49:13-51:29
159                <action android:name="androidx.profileinstaller.action.BENCHMARK_OPERATION" />
159-->[androidx.profileinstaller:profileinstaller:1.3.1] AndroidManifest.xml:50:17-95
159-->[androidx.profileinstaller:profileinstaller:1.3.1] AndroidManifest.xml:50:25-92
160            </intent-filter>
161        </receiver>
162    </application>
163
164</manifest>